[Fri Nov 16 18:29:05 2018] INFO: Opened log file F:/snake/logs/snake.lua.log
[Fri Nov 16 18:29:05 2018] INFO: Created 1 worker thread
[Fri Nov 16 18:29:05 2018] INFO: Added resource path F:/snake/Data/
[Fri Nov 16 18:29:05 2018] INFO: Added resource path F:/snake/CoreData/
[Fri Nov 16 18:29:05 2018] INFO: Adapter used Intel Intel(R) HD Graphics
[Fri Nov 16 18:29:05 2018] INFO: Set screen mode 800x600 windowed monitor 0
[Fri Nov 16 18:29:05 2018] INFO: Initialized input
[Fri Nov 16 18:29:05 2018] INFO: Initialized user interface
[Fri Nov 16 18:29:05 2018] INFO: Initialized renderer
[Fri Nov 16 18:29:05 2018] INFO: Set audio mode 44100 Hz stereo interpolated
[Fri Nov 16 18:29:05 2018] INFO: Initialized engine
[Fri Nov 16 18:29:05 2018] INFO: Loaded Lua script scripts/snake.lua
[Fri Nov 16 18:29:05 2018] INFO: Loaded Lua script scripts/Utilities/Sample.lua
[Fri Nov 16 18:29:05 2018] INFO: Executed Lua script scripts/snake.lua
lj a    1
lj b    1
lj a    2
lj c    2
lj a    3
lj c    3
